{"level":"silly","message":"This happend because user data is invalid on Sat May 07 2022 14:10:24 GMT+0430 (Iran Daylight Time) with statusCode : 406 and message : Data not found and data: [object Object]","service":"user-service"}
{"level":"silly","message":"This happend because user data is invalid on Sat May 07 2022 14:19:45 GMT+0430 (Iran Daylight Time) with statusCode : 409 and message : email address already exist, try login with it. and data: undefined","service":"user-service"}
{"level":"silly","message":"This happend because user data is invalid on Sat May 07 2022 14:19:45 GMT+0430 (Iran Daylight Time) with statusCode : 406 and message : Data not found and data: [object Object],[object Object]","service":"user-service"}
{"level":"info","message":"This happend because data is not found on Sat May 07 2022 14:19:45 GMT+0430 (Iran Daylight Time) with statusCode : 404 and message : email or password is wrong.","service":"user-service"}
{"level":"silly","message":"This happend because user data is invalid on Sat May 07 2022 14:21:58 GMT+0430 (Iran Daylight Time) with statusCode : 409 and message : email address already exist, try login with it. and data: undefined","service":"user-service"}
{"level":"silly","message":"This happend because user data is invalid on Sat May 07 2022 14:21:58 GMT+0430 (Iran Daylight Time) with statusCode : 406 and message : Data not found and data: [object Object],[object Object]","service":"user-service"}
{"level":"info","message":"This happend because data is not found on Sat May 07 2022 14:21:58 GMT+0430 (Iran Daylight Time) with statusCode : 404 and message : email or password is wrong.","service":"user-service"}
{"level":"silly","message":"This happend because user data is invalid on Sat May 07 2022 14:22:52 GMT+0430 (Iran Daylight Time) with statusCode : 409 and message : email address already exist, try login with it. and data: undefined","service":"user-service"}
{"level":"silly","message":"This happend because user data is invalid on Sat May 07 2022 14:22:52 GMT+0430 (Iran Daylight Time) with statusCode : 406 and message : Data not found and data: [object Object],[object Object]","service":"user-service"}
{"level":"info","message":"This happend because data is not found on Sat May 07 2022 14:22:53 GMT+0430 (Iran Daylight Time) with statusCode : 404 and message : email or password is wrong.","service":"user-service"}
{"level":"silly","message":"This happend because user data is invalid on Sat May 07 2022 14:24:14 GMT+0430 (Iran Daylight Time) with statusCode : 409 and message : email address already exist, try login with it. and data: undefined","service":"user-service"}
{"level":"silly","message":"This happend because user data is invalid on Sat May 07 2022 14:24:14 GMT+0430 (Iran Daylight Time) with statusCode : 406 and message : Data not found and data: [object Object],[object Object]","service":"user-service"}
{"level":"info","message":"This happend because data is not found on Sat May 07 2022 14:24:15 GMT+0430 (Iran Daylight Time) with statusCode : 404 and message : email or password is wrong.","service":"user-service"}
{"level":"silly","message":"This happend because user data is invalid on Sat May 07 2022 14:24:38 GMT+0430 (Iran Daylight Time) with statusCode : 409 and message : email address already exist, try login with it. and data: undefined","service":"user-service"}
{"level":"silly","message":"This happend because user data is invalid on Sat May 07 2022 14:24:38 GMT+0430 (Iran Daylight Time) with statusCode : 406 and message : Data not found and data: [object Object],[object Object]","service":"user-service"}
{"level":"info","message":"This happend because data is not found on Sat May 07 2022 14:24:39 GMT+0430 (Iran Daylight Time) with statusCode : 404 and message : email or password is wrong.","service":"user-service"}
{"level":"silly","message":"This happend because user data is invalid on Sat May 07 2022 14:26:25 GMT+0430 (Iran Daylight Time) with statusCode : 409 and message : email address already exist, try login with it. and data: undefined","service":"user-service"}
{"level":"silly","message":"This happend because user data is invalid on Sat May 07 2022 14:26:25 GMT+0430 (Iran Daylight Time) with statusCode : 406 and message : Data not found and data: [object Object],[object Object]","service":"user-service"}
{"level":"info","message":"This happend because data is not found on Sat May 07 2022 14:26:26 GMT+0430 (Iran Daylight Time) with statusCode : 404 and message : email or password is wrong.","service":"user-service"}
{"level":"silly","message":"This happend because user data is invalid on Sat May 07 2022 14:28:12 GMT+0430 (Iran Daylight Time) with statusCode : 409 and message : email address already exist, try login with it. and data: undefined","service":"user-service"}
{"level":"silly","message":"This happend because user data is invalid on Sat May 07 2022 14:28:12 GMT+0430 (Iran Daylight Time) with statusCode : 406 and message : Data not found and data: [object Object],[object Object]","service":"user-service"}
{"level":"info","message":"This happend because data is not found on Sat May 07 2022 14:28:13 GMT+0430 (Iran Daylight Time) with statusCode : 404 and message : email or password is wrong.","service":"user-service"}
{"level":"silly","message":"This happend because user data is invalid on Sat May 07 2022 14:28:14 GMT+0430 (Iran Daylight Time) with statusCode : 406 and message : Data not found and data: [object Object]","service":"user-service"}
{"level":"info","message":"This happend because data is not found on Sat May 07 2022 14:28:14 GMT+0430 (Iran Daylight Time) with statusCode : 404 and message : No URL found","service":"user-service"}
{"level":"info","message":"This happend because data is not found on Sat May 07 2022 14:28:14 GMT+0430 (Iran Daylight Time) with statusCode : 404 and message : No URL found","service":"user-service"}
